<?xml version="1.0" encoding="UTF-8"?>
<!-- Generated by org.testng.reporters.JUnitReportReporter -->
<testsuite hostname="DESKTOP-C5UN1HC" failures="0" tests="3" name="testCases.TC001_AccountRegistrationTest" time="222.727" errors="0" timestamp="2025-09-15T12:22:12 IST" skipped="0">
  <testcase classname="testCases.TC001_AccountRegistrationTest" name="verify_Account_Registration" time="81.900"/>
  <testcase classname="testCases.TC001_AccountRegistrationTest" name="verify_Account_Registration" time="24.693"/>
  <testcase classname="testCases.TC001_AccountRegistrationTest" name="verify_Account_Registration" time="116.134"/>
</testsuite> <!-- testCases.TC001_AccountRegistrationTest -->
