<?xml version="1.0" encoding="UTF-8"?>
<!-- Generated by org.testng.reporters.JUnitReportReporter -->
<testsuite hostname="DESKTOP-C5UN1HC" failures="0" tests="3" name="testCases.TC002_LoginTest" time="14.780" errors="0" timestamp="2025-09-15T12:22:12 IST" skipped="0">
  <testcase classname="testCases.TC002_LoginTest" name="verify_Login" time="4.298"/>
  <testcase classname="testCases.TC002_LoginTest" name="verify_Login" time="4.630"/>
  <testcase classname="testCases.TC002_LoginTest" name="verify_Login" time="5.852"/>
</testsuite> <!-- testCases.TC002_LoginTest -->
