<?xml version="1.0" encoding="UTF-8"?>
<!-- Generated by org.testng.reporters.JUnitReportReporter -->
<testsuite hostname="DESKTOP-C5UN1HC" failures="0" tests="1" name="testCases.TC001_AccountRegistrationTest" time="3.590" errors="0" timestamp="2025-09-15T15:42:05 IST" skipped="0">
  <testcase classname="testCases.TC001_AccountRegistrationTest" name="verify_Account_Registration" time="3.590"/>
</testsuite> <!-- testCases.TC001_AccountRegistrationTest -->
